<?xml version="1.0" encoding="UTF-8"?>
<!-- Generated by org.testng.reporters.JUnitReportReporter -->
<testsuite skipped="0" hostname="Naty" name="testCases.ReadAllProducts" tests="1" failures="0" timestamp="11 Dec 2022 19:08:56 GMT" time="3.700" errors="0">
  <testcase name="readAllProducts" time="3.700" classname="testCases.ReadAllProducts"/>
</testsuite> <!-- testCases.ReadAllProducts -->
